<?xml version="1.0" encoding="UTF-8"?>
<!-- Generated by org.testng.reporters.JUnitReportReporter -->
<testsuite hostname="DESKTOP-PRFL5GG" name="signin.tests.VerifySignIn" tests="3" failures="0" timestamp="18 Jul 2019 09:03:17 GMT" time="2.240" errors="0">
  <testcase name="verifyDepartment" time="2.208" classname="signin.tests.VerifySignIn"/>
  <testcase name="VerifySigninpage" time="0.021" classname="signin.tests.VerifySignIn"/>
  <testcase name="VerifySigninpag" time="0.011" classname="signin.tests.VerifySignIn"/>
</testsuite> <!-- signin.tests.VerifySignIn -->
