<?xml version="1.0" encoding="UTF-8"?>
<!-- Generated by org.testng.reporters.JUnitReportReporter -->
<testsuite hostname="DESKTOP-PRFL5GG" name="companysetup.tests.VerifyCompanyInformation" tests="1" failures="0" timestamp="19 Jul 2019 12:44:59 GMT" time="9.767" errors="0">
  <testcase name="verifyCompanyInformationWithValidCredentials" time="9.767" classname="companysetup.tests.VerifyCompanyInformation"/>
</testsuite> <!-- companysetup.tests.VerifyCompanyInformation -->
