<?xml version="1.0" encoding="UTF-8"?>
<!-- Generated by org.testng.reporters.JUnitReportReporter -->
<testsuite hostname="DESKTOP-PRFL5GG" name="companysetup.tests.VerifyDeaprtments" tests="5" failures="0" timestamp="24 Jul 2019 12:59:35 GMT" time="72.543" errors="0">
  <testcase name="verifyToAddJobTitle" time="11.678" classname="companysetup.tests.VerifyDeaprtments"/>
  <testcase name="verifyToAddJobTitle" time="11.706" classname="companysetup.tests.VerifyDeaprtments"/>
  <testcase name="verifyToAddJobTitle" time="11.706" classname="companysetup.tests.VerifyDeaprtments"/>
  <testcase name="verifyToAddDepartments" time="25.908" classname="companysetup.tests.VerifyDeaprtments"/>
  <testcase name="verifyToAddJobTitle" time="11.545" classname="companysetup.tests.VerifyDeaprtments"/>
</testsuite> <!-- companysetup.tests.VerifyDeaprtments -->
