<?xml version="1.0" encoding="UTF-8"?>
<!-- Generated by org.testng.reporters.JUnitReportReporter -->
<testsuite hostname="DESKTOP-PRFL5GG" name="signin.tests.VerifySignIn" tests="1" failures="0" timestamp="19 Jul 2019 12:44:59 GMT" time="0.026" errors="0">
  <testcase name="VerifySigninpage" time="0.026" classname="signin.tests.VerifySignIn"/>
</testsuite> <!-- signin.tests.VerifySignIn -->
